
*** Running vivado
    with args -log design_1_axi_bram_ctrl_0_1.vds -m64 -product Vivado -mode batch -messageDb vivado.pb -notrace -source design_1_axi_bram_ctrl_0_1.tcl


****** Vivado v2022.2 (64-bit)
  **** SW Build 3671981 on Fri Oct 14 04:59:54 MDT 2022
  **** IP Build 3669848 on Fri Oct 14 08:30:02 MDT 2022
    ** Copyright 1986-2022 Xilinx, Inc. All Rights Reserved.

CRITICAL WARNING: [Common 17-741] No write access right to the local Tcl store at '/home/ces-bpti06/.Xilinx/Vivado/2022.2/XilinxTclStore'. XilinxTclStore is reverted to the installation area. If you want to use local Tcl Store, please change the access right and relaunch Vivado.
source design_1_axi_bram_ctrl_0_1.tcl -notrace
create_project: Time (s): cpu = 00:00:04 ; elapsed = 00:00:05 . Memory (MB): peak = 1264.688 ; gain = 0.023 ; free physical = 6009 ; free virtual = 10750
INFO: [IP_Flow 19-234] Refreshing IP repositories
INFO: [IP_Flow 19-1700] Loaded user IP repository '/home/ces-bpti06/Downloads/hdmi_tx_1.0'.
INFO: [IP_Flow 19-2313] Loaded Vivado IP repository '/Software/xilinx/Vivado/2022.2/data/ip'.
INFO: [IP_Flow 19-6924] IPCACHE: Running cache check for IP inst: design_1_axi_bram_ctrl_0_1
Command: synth_design -top design_1_axi_bram_ctrl_0_1 -part xc7z007sclg400-1 -incremental_mode off -mode out_of_context
Starting synth_design
Attempting to get a license for feature 'Synthesis' and/or device 'xc7z007s'
INFO: [Common 17-349] Got license for feature 'Synthesis' and/or device 'xc7z007s'
INFO: [Device 21-403] Loading part xc7z007sclg400-1
INFO: [Synth 8-7079] Multithreading enabled for synth_design using a maximum of 4 processes.
INFO: [Synth 8-7078] Launching helper process for spawning children vivado processes
INFO: [Synth 8-7075] Helper process launched with PID 12123
INFO: [Synth 8-11241] undeclared symbol 'REGCCE', assumed default net type 'wire' [/Software/xilinx/Vivado/2022.2/data/verilog/src/unimacro/BRAM_SINGLE_MACRO.v:2170]
---------------------------------------------------------------------------------
Starting RTL Elaboration : Time (s): cpu = 00:00:05 ; elapsed = 00:00:06 . Memory (MB): peak = 1971.711 ; gain = 367.730 ; free physical = 1129 ; free virtual = 5913
Synthesis current peak Physical Memory [PSS] (MB): peak = 1201.682; parent = 1066.435; children = 135.247
Synthesis current peak Virtual Memory [VSS] (MB): peak = 2919.328; parent = 1974.684; children = 944.645
---------------------------------------------------------------------------------
INFO: [Synth 8-638] synthesizing module 'design_1_axi_bram_ctrl_0_1' [/home/ces-bpti06/Dokumente/Project_aktuell/project_final2.gen/sources_1/bd/design_1/ip/design_1_axi_bram_ctrl_0_1/synth/design_1_axi_bram_ctrl_0_1.vhd:108]
	Parameter C_BRAM_INST_MODE bound to: EXTERNAL - type: string 
	Parameter C_MEMORY_DEPTH bound to: 32768 - type: integer 
	Parameter C_BRAM_ADDR_WIDTH bound to: 15 - type: integer 
	Parameter C_S_AXI_ADDR_WIDTH bound to: 17 - type: integer 
	Parameter C_S_AXI_DATA_WIDTH bound to: 32 - type: integer 
	Parameter C_S_AXI_ID_WIDTH bound to: 12 - type: integer 
	Parameter C_S_AXI_PROTOCOL bound to: AXI4 - type: string 
	Parameter C_S_AXI_SUPPORTS_NARROW_BURST bound to: 0 - type: integer 
	Parameter C_SINGLE_PORT_BRAM bound to: 1 - type: integer 
	Parameter C_FAMILY bound to: zynq - type: string 
	Parameter C_READ_LATENCY bound to: 1 - type: integer 
	Parameter C_RD_CMD_OPTIMIZATION bound to: 0 - type: integer 
	Parameter C_S_AXI_CTRL_ADDR_WIDTH bound to: 32 - type: integer 
	Parameter C_S_AXI_CTRL_DATA_WIDTH bound to: 32 - type: integer 
	Parameter C_ECC bound to: 0 - type: integer 
	Parameter C_ECC_TYPE bound to: 0 - type: integer 
	Parameter C_FAULT_INJECT bound to: 0 - type: integer 
	Parameter C_ECC_ONOFF_RESET_VALUE bound to: 0 - type: integer 
INFO: [Synth 8-3491] module 'axi_bram_ctrl' declared at '/home/ces-bpti06/Dokumente/Project_aktuell/project_final2.gen/sources_1/bd/design_1/ipshared/f80b/hdl/axi_bram_ctrl_v4_1_rfs.vhd:31357' bound to instance 'U0' of component 'axi_bram_ctrl' [/home/ces-bpti06/Dokumente/Project_aktuell/project_final2.gen/sources_1/bd/design_1/ip/design_1_axi_bram_ctrl_0_1/synth/design_1_axi_bram_ctrl_0_1.vhd:263]
INFO: [Synth 8-638] synthesizing module 'axi_bram_ctrl' [/home/ces-bpti06/Dokumente/Project_aktuell/project_final2.gen/sources_1/bd/design_1/ipshared/f80b/hdl/axi_bram_ctrl_v4_1_rfs.vhd:31528]
INFO: [Synth 8-638] synthesizing module 'axi_bram_ctrl_top' [/home/ces-bpti06/Dokumente/Project_aktuell/project_final2.gen/sources_1/bd/design_1/ipshared/f80b/hdl/axi_bram_ctrl_v4_1_rfs.vhd:30527]
INFO: [Synth 8-638] synthesizing module 'full_axi' [/home/ces-bpti06/Dokumente/Project_aktuell/project_final2.gen/sources_1/bd/design_1/ipshared/f80b/hdl/axi_bram_ctrl_v4_1_rfs.vhd:29280]
WARNING: [Synth 8-6774] Null subtype or type declaration found [/home/ces-bpti06/Dokumente/Project_aktuell/project_final2.gen/sources_1/bd/design_1/ipshared/f80b/hdl/axi_bram_ctrl_v4_1_rfs.vhd:29350]
INFO: [Synth 8-3919] null assignment ignored [/home/ces-bpti06/Dokumente/Project_aktuell/project_final2.gen/sources_1/bd/design_1/ipshared/f80b/hdl/axi_bram_ctrl_v4_1_rfs.vhd:29350]
INFO: [Synth 8-638] synthesizing module 'sng_port_arb' [/home/ces-bpti06/Dokumente/Project_aktuell/project_final2.gen/sources_1/bd/design_1/ipshared/f80b/hdl/axi_bram_ctrl_v4_1_rfs.vhd:11456]
INFO: [Synth 8-256] done synthesizing module 'sng_port_arb' (0#1) [/home/ces-bpti06/Dokumente/Project_aktuell/project_final2.gen/sources_1/bd/design_1/ipshared/f80b/hdl/axi_bram_ctrl_v4_1_rfs.vhd:11456]
INFO: [Synth 8-638] synthesizing module 'wr_chnl' [/home/ces-bpti06/Dokumente/Project_aktuell/project_final2.gen/sources_1/bd/design_1/ipshared/f80b/hdl/axi_bram_ctrl_v4_1_rfs.vhd:24159]
INFO: [Synth 8-506] null port 'FaultInjectECC' ignored [/home/ces-bpti06/Dokumente/Project_aktuell/project_final2.gen/sources_1/bd/design_1/ipshared/f80b/hdl/axi_bram_ctrl_v4_1_rfs.vhd:24126]
INFO: [Synth 8-638] synthesizing module 'wrap_brst' [/home/ces-bpti06/Dokumente/Project_aktuell/project_final2.gen/sources_1/bd/design_1/ipshared/f80b/hdl/axi_bram_ctrl_v4_1_rfs.vhd:12455]
INFO: [Synth 8-256] done synthesizing module 'wrap_brst' (0#1) [/home/ces-bpti06/Dokumente/Project_aktuell/project_final2.gen/sources_1/bd/design_1/ipshared/f80b/hdl/axi_bram_ctrl_v4_1_rfs.vhd:12455]
INFO: [Synth 8-638] synthesizing module 'SRL_FIFO' [/home/ces-bpti06/Dokumente/Project_aktuell/project_final2.gen/sources_1/bd/design_1/ipshared/f80b/hdl/axi_bram_ctrl_v4_1_rfs.vhd:133]
INFO: [Synth 8-3491] module 'FDR' declared at '/Software/xilinx/Vivado/2022.2/scripts/rt/data/unisim_comp.v:38695' bound to instance 'Data_Exists_DFF' of component 'FDR' [/home/ces-bpti06/Dokumente/Project_aktuell/project_final2.gen/sources_1/bd/design_1/ipshared/f80b/hdl/axi_bram_ctrl_v4_1_rfs.vhd:230]
INFO: [Synth 8-6157] synthesizing module 'FDR' [/Software/xilinx/Vivado/2022.2/scripts/rt/data/unisim_comp.v:38695]
INFO: [Synth 8-6155] done synthesizing module 'FDR' (0#1) [/Software/xilinx/Vivado/2022.2/scripts/rt/data/unisim_comp.v:38695]
INFO: [Synth 8-3491] module 'MUXCY_L' declared at '/Software/xilinx/Vivado/2022.2/scripts/rt/data/unisim_comp.v:82830' bound to instance 'MUXCY_L_I' of component 'MUXCY_L' [/home/ces-bpti06/Dokumente/Project_aktuell/project_final2.gen/sources_1/bd/design_1/ipshared/f80b/hdl/axi_bram_ctrl_v4_1_rfs.vhd:247]
INFO: [Synth 8-6157] synthesizing module 'MUXCY_L' [/Software/xilinx/Vivado/2022.2/scripts/rt/data/unisim_comp.v:82830]
INFO: [Synth 8-6155] done synthesizing module 'MUXCY_L' (0#1) [/Software/xilinx/Vivado/2022.2/scripts/rt/data/unisim_comp.v:82830]
INFO: [Synth 8-3491] module 'XORCY' declared at '/Software/xilinx/Vivado/2022.2/scripts/rt/data/unisim_comp.v:136539' bound to instance 'XORCY_I' of component 'XORCY' [/home/ces-bpti06/Dokumente/Project_aktuell/project_final2.gen/sources_1/bd/design_1/ipshared/f80b/hdl/axi_bram_ctrl_v4_1_rfs.vhd:254]
INFO: [Synth 8-6157] synthesizing module 'XORCY' [/Software/xilinx/Vivado/2022.2/scripts/rt/data/unisim_comp.v:136539]
INFO: [Synth 8-6155] done synthesizing module 'XORCY' (0#1) [/Software/xilinx/Vivado/2022.2/scripts/rt/data/unisim_comp.v:136539]
INFO: [Synth 8-3491] module 'FDRE' declared at '/Software/xilinx/Vivado/2022.2/scripts/rt/data/unisim_comp.v:38708' bound to instance 'FDRE_I' of component 'FDRE' [/home/ces-bpti06/Dokumente/Project_aktuell/project_final2.gen/sources_1/bd/design_1/ipshared/f80b/hdl/axi_bram_ctrl_v4_1_rfs.vhd:260]
INFO: [Synth 8-6157] synthesizing module 'FDRE' [/Software/xilinx/Vivado/2022.2/scripts/rt/data/unisim_comp.v:38708]
INFO: [Synth 8-6155] done synthesizing module 'FDRE' (0#1) [/Software/xilinx/Vivado/2022.2/scripts/rt/data/unisim_comp.v:38708]
INFO: [Synth 8-3491] module 'MUXCY_L' declared at '/Software/xilinx/Vivado/2022.2/scripts/rt/data/unisim_comp.v:82830' bound to instance 'MUXCY_L_I' of component 'MUXCY_L' [/home/ces-bpti06/Dokumente/Project_aktuell/project_final2.gen/sources_1/bd/design_1/ipshared/f80b/hdl/axi_bram_ctrl_v4_1_rfs.vhd:247]
INFO: [Synth 8-3491] module 'XORCY' declared at '/Software/xilinx/Vivado/2022.2/scripts/rt/data/unisim_comp.v:136539' bound to instance 'XORCY_I' of component 'XORCY' [/home/ces-bpti06/Dokumente/Project_aktuell/project_final2.gen/sources_1/bd/design_1/ipshared/f80b/hdl/axi_bram_ctrl_v4_1_rfs.vhd:254]
INFO: [Synth 8-3491] module 'FDRE' declared at '/Software/xilinx/Vivado/2022.2/scripts/rt/data/unisim_comp.v:38708' bound to instance 'FDRE_I' of component 'FDRE' [/home/ces-bpti06/Dokumente/Project_aktuell/project_final2.gen/sources_1/bd/design_1/ipshared/f80b/hdl/axi_bram_ctrl_v4_1_rfs.vhd:260]
INFO: [Synth 8-3491] module 'MUXCY_L' declared at '/Software/xilinx/Vivado/2022.2/scripts/rt/data/unisim_comp.v:82830' bound to instance 'MUXCY_L_I' of component 'MUXCY_L' [/home/ces-bpti06/Dokumente/Project_aktuell/project_final2.gen/sources_1/bd/design_1/ipshared/f80b/hdl/axi_bram_ctrl_v4_1_rfs.vhd:247]
INFO: [Synth 8-3491] module 'XORCY' declared at '/Software/xilinx/Vivado/2022.2/scripts/rt/data/unisim_comp.v:136539' bound to instance 'XORCY_I' of component 'XORCY' [/home/ces-bpti06/Dokumente/Project_aktuell/project_final2.gen/sources_1/bd/design_1/ipshared/f80b/hdl/axi_bram_ctrl_v4_1_rfs.vhd:254]
INFO: [Synth 8-3491] module 'FDRE' declared at '/Software/xilinx/Vivado/2022.2/scripts/rt/data/unisim_comp.v:38708' bound to instance 'FDRE_I' of component 'FDRE' [/home/ces-bpti06/Dokumente/Project_aktuell/project_final2.gen/sources_1/bd/design_1/ipshared/f80b/hdl/axi_bram_ctrl_v4_1_rfs.vhd:260]
INFO: [Synth 8-3491] module 'MUXCY_L' declared at '/Software/xilinx/Vivado/2022.2/scripts/rt/data/unisim_comp.v:82830' bound to instance 'MUXCY_L_I' of component 'MUXCY_L' [/home/ces-bpti06/Dokumente/Project_aktuell/project_final2.gen/sources_1/bd/design_1/ipshared/f80b/hdl/axi_bram_ctrl_v4_1_rfs.vhd:247]
INFO: [Synth 8-3491] module 'XORCY' declared at '/Software/xilinx/Vivado/2022.2/scripts/rt/data/unisim_comp.v:136539' bound to instance 'XORCY_I' of component 'XORCY' [/home/ces-bpti06/Dokumente/Project_aktuell/project_final2.gen/sources_1/bd/design_1/ipshared/f80b/hdl/axi_bram_ctrl_v4_1_rfs.vhd:254]
INFO: [Synth 8-3491] module 'FDRE' declared at '/Software/xilinx/Vivado/2022.2/scripts/rt/data/unisim_comp.v:38708' bound to instance 'FDRE_I' of component 'FDRE' [/home/ces-bpti06/Dokumente/Project_aktuell/project_final2.gen/sources_1/bd/design_1/ipshared/f80b/hdl/axi_bram_ctrl_v4_1_rfs.vhd:260]
INFO: [Synth 8-3491] module 'SRL16E' declared at '/Software/xilinx/Vivado/2022.2/scripts/rt/data/unisim_comp.v:131644' bound to instance 'SRL16E_I' of component 'SRL16E' [/home/ces-bpti06/Dokumente/Project_aktuell/project_final2.gen/sources_1/bd/design_1/ipshared/f80b/hdl/axi_bram_ctrl_v4_1_rfs.vhd:271]
INFO: [Synth 8-6157] synthesizing module 'SRL16E' [/Software/xilinx/Vivado/2022.2/scripts/rt/data/unisim_comp.v:131644]
INFO: [Synth 8-6155] done synthesizing module 'SRL16E' (0#1) [/Software/xilinx/Vivado/2022.2/scripts/rt/data/unisim_comp.v:131644]
INFO: [Synth 8-3491] module 'SRL16E' declared at '/Software/xilinx/Vivado/2022.2/scripts/rt/data/unisim_comp.v:131644' bound to instance 'SRL16E_I' of component 'SRL16E' [/home/ces-bpti06/Dokumente/Project_aktuell/project_final2.gen/sources_1/bd/design_1/ipshared/f80b/hdl/axi_bram_ctrl_v4_1_rfs.vhd:271]
INFO: [Synth 8-3491] module 'SRL16E' declared at '/Software/xilinx/Vivado/2022.2/scripts/rt/data/unisim_comp.v:131644' bound to instance 'SRL16E_I' of component 'SRL16E' [/home/ces-bpti06/Dokumente/Project_aktuell/project_final2.gen/sources_1/bd/design_1/ipshared/f80b/hdl/axi_bram_ctrl_v4_1_rfs.vhd:271]
INFO: [Synth 8-3491] module 'SRL16E' declared at '/Software/xilinx/Vivado/2022.2/scripts/rt/data/unisim_comp.v:131644' bound to instance 'SRL16E_I' of component 'SRL16E' [/home/ces-bpti06/Dokumente/Project_aktuell/project_final2.gen/sources_1/bd/design_1/ipshared/f80b/hdl/axi_bram_ctrl_v4_1_rfs.vhd:271]
INFO: [Synth 8-3491] module 'SRL16E' declared at '/Software/xilinx/Vivado/2022.2/scripts/rt/data/unisim_comp.v:131644' bound to instance 'SRL16E_I' of component 'SRL16E' [/home/ces-bpti06/Dokumente/Project_aktuell/project_final2.gen/sources_1/bd/design_1/ipshared/f80b/hdl/axi_bram_ctrl_v4_1_rfs.vhd:271]
INFO: [Synth 8-3491] module 'SRL16E' declared at '/Software/xilinx/Vivado/2022.2/scripts/rt/data/unisim_comp.v:131644' bound to instance 'SRL16E_I' of component 'SRL16E' [/home/ces-bpti06/Dokumente/Project_aktuell/project_final2.gen/sources_1/bd/design_1/ipshared/f80b/hdl/axi_bram_ctrl_v4_1_rfs.vhd:271]
INFO: [Synth 8-3491] module 'SRL16E' declared at '/Software/xilinx/Vivado/2022.2/scripts/rt/data/unisim_comp.v:131644' bound to instance 'SRL16E_I' of component 'SRL16E' [/home/ces-bpti06/Dokumente/Project_aktuell/project_final2.gen/sources_1/bd/design_1/ipshared/f80b/hdl/axi_bram_ctrl_v4_1_rfs.vhd:271]
INFO: [Synth 8-3491] module 'SRL16E' declared at '/Software/xilinx/Vivado/2022.2/scripts/rt/data/unisim_comp.v:131644' bound to instance 'SRL16E_I' of component 'SRL16E' [/home/ces-bpti06/Dokumente/Project_aktuell/project_final2.gen/sources_1/bd/design_1/ipshared/f80b/hdl/axi_bram_ctrl_v4_1_rfs.vhd:271]
INFO: [Synth 8-3491] module 'SRL16E' declared at '/Software/xilinx/Vivado/2022.2/scripts/rt/data/unisim_comp.v:131644' bound to instance 'SRL16E_I' of component 'SRL16E' [/home/ces-bpti06/Dokumente/Project_aktuell/project_final2.gen/sources_1/bd/design_1/ipshared/f80b/hdl/axi_bram_ctrl_v4_1_rfs.vhd:271]
INFO: [Synth 8-3491] module 'SRL16E' declared at '/Software/xilinx/Vivado/2022.2/scripts/rt/data/unisim_comp.v:131644' bound to instance 'SRL16E_I' of component 'SRL16E' [/home/ces-bpti06/Dokumente/Project_aktuell/project_final2.gen/sources_1/bd/design_1/ipshared/f80b/hdl/axi_bram_ctrl_v4_1_rfs.vhd:271]
INFO: [Synth 8-3491] module 'SRL16E' declared at '/Software/xilinx/Vivado/2022.2/scripts/rt/data/unisim_comp.v:131644' bound to instance 'SRL16E_I' of component 'SRL16E' [/home/ces-bpti06/Dokumente/Project_aktuell/project_final2.gen/sources_1/bd/design_1/ipshared/f80b/hdl/axi_bram_ctrl_v4_1_rfs.vhd:271]
INFO: [Synth 8-3491] module 'SRL16E' declared at '/Software/xilinx/Vivado/2022.2/scripts/rt/data/unisim_comp.v:131644' bound to instance 'SRL16E_I' of component 'SRL16E' [/home/ces-bpti06/Dokumente/Project_aktuell/project_final2.gen/sources_1/bd/design_1/ipshared/f80b/hdl/axi_bram_ctrl_v4_1_rfs.vhd:271]
INFO: [Synth 8-256] done synthesizing module 'SRL_FIFO' (0#1) [/home/ces-bpti06/Dokumente/Project_aktuell/project_final2.gen/sources_1/bd/design_1/ipshared/f80b/hdl/axi_bram_ctrl_v4_1_rfs.vhd:133]
INFO: [Synth 8-256] done synthesizing module 'wr_chnl' (0#1) [/home/ces-bpti06/Dokumente/Project_aktuell/project_final2.gen/sources_1/bd/design_1/ipshared/f80b/hdl/axi_bram_ctrl_v4_1_rfs.vhd:24159]
WARNING: [Synth 8-6778] Component port with null array found, Will be ignored [/home/ces-bpti06/Dokumente/Project_aktuell/project_final2.gen/sources_1/bd/design_1/ipshared/f80b/hdl/axi_bram_ctrl_v4_1_rfs.vhd:30020]
INFO: [Synth 8-638] synthesizing module 'rd_chnl' [/home/ces-bpti06/Dokumente/Project_aktuell/project_final2.gen/sources_1/bd/design_1/ipshared/f80b/hdl/axi_bram_ctrl_v4_1_rfs.vhd:14746]
INFO: [Synth 8-256] done synthesizing module 'rd_chnl' (0#1) [/home/ces-bpti06/Dokumente/Project_aktuell/project_final2.gen/sources_1/bd/design_1/ipshared/f80b/hdl/axi_bram_ctrl_v4_1_rfs.vhd:14746]
INFO: [Synth 8-256] done synthesizing module 'full_axi' (0#1) [/home/ces-bpti06/Dokumente/Project_aktuell/project_final2.gen/sources_1/bd/design_1/ipshared/f80b/hdl/axi_bram_ctrl_v4_1_rfs.vhd:29280]
INFO: [Synth 8-256] done synthesizing module 'axi_bram_ctrl_top' (0#1) [/home/ces-bpti06/Dokumente/Project_aktuell/project_final2.gen/sources_1/bd/design_1/ipshared/f80b/hdl/axi_bram_ctrl_v4_1_rfs.vhd:30527]
INFO: [Synth 8-256] done synthesizing module 'axi_bram_ctrl' (0#1) [/home/ces-bpti06/Dokumente/Project_aktuell/project_final2.gen/sources_1/bd/design_1/ipshared/f80b/hdl/axi_bram_ctrl_v4_1_rfs.vhd:31528]
INFO: [Synth 8-256] done synthesizing module 'design_1_axi_bram_ctrl_0_1' (0#1) [/home/ces-bpti06/Dokumente/Project_aktuell/project_final2.gen/sources_1/bd/design_1/ip/design_1_axi_bram_ctrl_0_1/synth/design_1_axi_bram_ctrl_0_1.vhd:108]
WARNING: [Synth 8-6014] Unused sequential element curr_awsize_reg_reg was removed.  [/home/ces-bpti06/Dokumente/Project_aktuell/project_final2.gen/sources_1/bd/design_1/ipshared/f80b/hdl/axi_bram_ctrl_v4_1_rfs.vhd:25318]
WARNING: [Synth 8-6014] Unused sequential element curr_awlen_reg_1_or_2_reg was removed.  [/home/ces-bpti06/Dokumente/Project_aktuell/project_final2.gen/sources_1/bd/design_1/ipshared/f80b/hdl/axi_bram_ctrl_v4_1_rfs.vhd:25596]
WARNING: [Synth 8-6014] Unused sequential element GEN_NO_RD_CMD_OPT.axi_arsize_pipe_max_reg was removed.  [/home/ces-bpti06/Dokumente/Project_aktuell/project_final2.gen/sources_1/bd/design_1/ipshared/f80b/hdl/axi_bram_ctrl_v4_1_rfs.vhd:15506]
WARNING: [Synth 8-6014] Unused sequential element GEN_NO_RD_CMD_OPT.curr_arsize_reg_reg was removed.  [/home/ces-bpti06/Dokumente/Project_aktuell/project_final2.gen/sources_1/bd/design_1/ipshared/f80b/hdl/axi_bram_ctrl_v4_1_rfs.vhd:15998]
WARNING: [Synth 8-6014] Unused sequential element GEN_NO_RD_CMD_OPT.no_ar_ack_reg was removed.  [/home/ces-bpti06/Dokumente/Project_aktuell/project_final2.gen/sources_1/bd/design_1/ipshared/f80b/hdl/axi_bram_ctrl_v4_1_rfs.vhd:19903]
WARNING: [Synth 8-6014] Unused sequential element GEN_NO_RD_CMD_OPT.do_cmplt_burst_reg was removed.  [/home/ces-bpti06/Dokumente/Project_aktuell/project_final2.gen/sources_1/bd/design_1/ipshared/f80b/hdl/axi_bram_ctrl_v4_1_rfs.vhd:21244]
WARNING: [Synth 8-7129] Port curr_axlen[7] in module wrap_brst is either unconnected or has no load
WARNING: [Synth 8-7129] Port curr_axlen[6] in module wrap_brst is either unconnected or has no load
WARNING: [Synth 8-7129] Port curr_axlen[5] in module wrap_brst is either unconnected or has no load
WARNING: [Synth 8-7129] Port curr_axlen[4] in module wrap_brst is either unconnected or has no load
WARNING: [Synth 8-7129] Port bram_addr_ld[2] in module wrap_brst is either unconnected or has no load
WARNING: [Synth 8-7129] Port bram_addr_int[16] in module wrap_brst is either unconnected or has no load
WARNING: [Synth 8-7129] Port bram_addr_int[15] in module wrap_brst is either unconnected or has no load
WARNING: [Synth 8-7129] Port bram_addr_int[14] in module wrap_brst is either unconnected or has no load
WARNING: [Synth 8-7129] Port bram_addr_int[13] in module wrap_brst is either unconnected or has no load
WARNING: [Synth 8-7129] Port bram_addr_int[12] in module wrap_brst is either unconnected or has no load
WARNING: [Synth 8-7129] Port bram_addr_int[11] in module wrap_brst is either unconnected or has no load
WARNING: [Synth 8-7129] Port bram_addr_int[10] in module wrap_brst is either unconnected or has no load
WARNING: [Synth 8-7129] Port bram_addr_int[9] in module wrap_brst is either unconnected or has no load
WARNING: [Synth 8-7129] Port bram_addr_int[8] in module wrap_brst is either unconnected or has no load
WARNING: [Synth 8-7129] Port bram_addr_int[7] in module wrap_brst is either unconnected or has no load
WARNING: [Synth 8-7129] Port bram_addr_int[6] in module wrap_brst is either unconnected or has no load
WARNING: [Synth 8-7129] Port AXI_ARADDR[1] in module rd_chnl is either unconnected or has no load
WARNING: [Synth 8-7129] Port AXI_ARADDR[0] in module rd_chnl is either unconnected or has no load
WARNING: [Synth 8-7129] Port AXI_ARLOCK in module rd_chnl is either unconnected or has no load
WARNING: [Synth 8-7129] Port AXI_ARCACHE[3] in module rd_chnl is either unconnected or has no load
WARNING: [Synth 8-7129] Port AXI_ARCACHE[2] in module rd_chnl is either unconnected or has no load
WARNING: [Synth 8-7129] Port AXI_ARCACHE[1] in module rd_chnl is either unconnected or has no load
WARNING: [Synth 8-7129] Port AXI_ARCACHE[0] in module rd_chnl is either unconnected or has no load
WARNING: [Synth 8-7129] Port AXI_ARPROT[2] in module rd_chnl is either unconnected or has no load
WARNING: [Synth 8-7129] Port AXI_ARPROT[1] in module rd_chnl is either unconnected or has no load
WARNING: [Synth 8-7129] Port AXI_ARPROT[0] in module rd_chnl is either unconnected or has no load
WARNING: [Synth 8-7129] Port AXI_ARVALID in module rd_chnl is either unconnected or has no load
WARNING: [Synth 8-7129] Port Enable_ECC in module rd_chnl is either unconnected or has no load
WARNING: [Synth 8-7129] Port Sng_arb_Arready in module rd_chnl is either unconnected or has no load
WARNING: [Synth 8-7129] Port AXI_AWADDR[1] in module wr_chnl is either unconnected or has no load
WARNING: [Synth 8-7129] Port AXI_AWADDR[0] in module wr_chnl is either unconnected or has no load
WARNING: [Synth 8-7129] Port AXI_AWLOCK in module wr_chnl is either unconnected or has no load
WARNING: [Synth 8-7129] Port AXI_AWCACHE[3] in module wr_chnl is either unconnected or has no load
WARNING: [Synth 8-7129] Port AXI_AWCACHE[2] in module wr_chnl is either unconnected or has no load
WARNING: [Synth 8-7129] Port AXI_AWCACHE[1] in module wr_chnl is either unconnected or has no load
WARNING: [Synth 8-7129] Port AXI_AWCACHE[0] in module wr_chnl is either unconnected or has no load
WARNING: [Synth 8-7129] Port AXI_AWPROT[2] in module wr_chnl is either unconnected or has no load
WARNING: [Synth 8-7129] Port AXI_AWPROT[1] in module wr_chnl is either unconnected or has no load
WARNING: [Synth 8-7129] Port AXI_AWPROT[0] in module wr_chnl is either unconnected or has no load
WARNING: [Synth 8-7129] Port Enable_ECC in module wr_chnl is either unconnected or has no load
WARNING: [Synth 8-7129] Port FaultInjectData[31] in module wr_chnl is either unconnected or has no load
WARNING: [Synth 8-7129] Port FaultInjectData[30] in module wr_chnl is either unconnected or has no load
WARNING: [Synth 8-7129] Port FaultInjectData[29] in module wr_chnl is either unconnected or has no load
WARNING: [Synth 8-7129] Port FaultInjectData[28] in module wr_chnl is either unconnected or has no load
WARNING: [Synth 8-7129] Port FaultInjectData[27] in module wr_chnl is either unconnected or has no load
WARNING: [Synth 8-7129] Port FaultInjectData[26] in module wr_chnl is either unconnected or has no load
WARNING: [Synth 8-7129] Port FaultInjectData[25] in module wr_chnl is either unconnected or has no load
WARNING: [Synth 8-7129] Port FaultInjectData[24] in module wr_chnl is either unconnected or has no load
WARNING: [Synth 8-7129] Port FaultInjectData[23] in module wr_chnl is either unconnected or has no load
WARNING: [Synth 8-7129] Port FaultInjectData[22] in module wr_chnl is either unconnected or has no load
WARNING: [Synth 8-7129] Port FaultInjectData[21] in module wr_chnl is either unconnected or has no load
WARNING: [Synth 8-7129] Port FaultInjectData[20] in module wr_chnl is either unconnected or has no load
WARNING: [Synth 8-7129] Port FaultInjectData[19] in module wr_chnl is either unconnected or has no load
WARNING: [Synth 8-7129] Port FaultInjectData[18] in module wr_chnl is either unconnected or has no load
WARNING: [Synth 8-7129] Port FaultInjectData[17] in module wr_chnl is either unconnected or has no load
WARNING: [Synth 8-7129] Port FaultInjectData[16] in module wr_chnl is either unconnected or has no load
WARNING: [Synth 8-7129] Port FaultInjectData[15] in module wr_chnl is either unconnected or has no load
WARNING: [Synth 8-7129] Port FaultInjectData[14] in module wr_chnl is either unconnected or has no load
WARNING: [Synth 8-7129] Port FaultInjectData[13] in module wr_chnl is either unconnected or has no load
WARNING: [Synth 8-7129] Port FaultInjectData[12] in module wr_chnl is either unconnected or has no load
WARNING: [Synth 8-7129] Port FaultInjectData[11] in module wr_chnl is either unconnected or has no load
WARNING: [Synth 8-7129] Port FaultInjectData[10] in module wr_chnl is either unconnected or has no load
WARNING: [Synth 8-7129] Port FaultInjectData[9] in module wr_chnl is either unconnected or has no load
WARNING: [Synth 8-7129] Port FaultInjectData[8] in module wr_chnl is either unconnected or has no load
WARNING: [Synth 8-7129] Port FaultInjectData[7] in module wr_chnl is either unconnected or has no load
WARNING: [Synth 8-7129] Port FaultInjectData[6] in module wr_chnl is either unconnected or has no load
WARNING: [Synth 8-7129] Port FaultInjectData[5] in module wr_chnl is either unconnected or has no load
WARNING: [Synth 8-7129] Port FaultInjectData[4] in module wr_chnl is either unconnected or has no load
WARNING: [Synth 8-7129] Port FaultInjectData[3] in module wr_chnl is either unconnected or has no load
WARNING: [Synth 8-7129] Port FaultInjectData[2] in module wr_chnl is either unconnected or has no load
WARNING: [Synth 8-7129] Port FaultInjectData[1] in module wr_chnl is either unconnected or has no load
WARNING: [Synth 8-7129] Port FaultInjectData[0] in module wr_chnl is either unconnected or has no load
WARNING: [Synth 8-7129] Port BRAM_RdData[31] in module wr_chnl is either unconnected or has no load
WARNING: [Synth 8-7129] Port BRAM_RdData[30] in module wr_chnl is either unconnected or has no load
WARNING: [Synth 8-7129] Port BRAM_RdData[29] in module wr_chnl is either unconnected or has no load
WARNING: [Synth 8-7129] Port BRAM_RdData[28] in module wr_chnl is either unconnected or has no load
WARNING: [Synth 8-7129] Port BRAM_RdData[27] in module wr_chnl is either unconnected or has no load
WARNING: [Synth 8-7129] Port BRAM_RdData[26] in module wr_chnl is either unconnected or has no load
WARNING: [Synth 8-7129] Port BRAM_RdData[25] in module wr_chnl is either unconnected or has no load
WARNING: [Synth 8-7129] Port BRAM_RdData[24] in module wr_chnl is either unconnected or has no load
WARNING: [Synth 8-7129] Port BRAM_RdData[23] in module wr_chnl is either unconnected or has no load
WARNING: [Synth 8-7129] Port BRAM_RdData[22] in module wr_chnl is either unconnected or has no load
WARNING: [Synth 8-7129] Port BRAM_RdData[21] in module wr_chnl is either unconnected or has no load
WARNING: [Synth 8-7129] Port BRAM_RdData[20] in module wr_chnl is either unconnected or has no load
WARNING: [Synth 8-7129] Port BRAM_RdData[19] in module wr_chnl is either unconnected or has no load
WARNING: [Synth 8-7129] Port BRAM_RdData[18] in module wr_chnl is either unconnected or has no load
WARNING: [Synth 8-7129] Port BRAM_RdData[17] in module wr_chnl is either unconnected or has no load
WARNING: [Synth 8-7129] Port BRAM_RdData[16] in module wr_chnl is either unconnected or has no load
WARNING: [Synth 8-7129] Port BRAM_RdData[15] in module wr_chnl is either unconnected or has no load
WARNING: [Synth 8-7129] Port BRAM_RdData[14] in module wr_chnl is either unconnected or has no load
WARNING: [Synth 8-7129] Port BRAM_RdData[13] in module wr_chnl is either unconnected or has no load
WARNING: [Synth 8-7129] Port BRAM_RdData[12] in module wr_chnl is either unconnected or has no load
WARNING: [Synth 8-7129] Port BRAM_RdData[11] in module wr_chnl is either unconnected or has no load
WARNING: [Synth 8-7129] Port BRAM_RdData[10] in module wr_chnl is either unconnected or has no load
WARNING: [Synth 8-7129] Port BRAM_RdData[9] in module wr_chnl is either unconnected or has no load
WARNING: [Synth 8-7129] Port BRAM_RdData[8] in module wr_chnl is either unconnected or has no load
WARNING: [Synth 8-7129] Port BRAM_RdData[7] in module wr_chnl is either unconnected or has no load
WARNING: [Synth 8-7129] Port BRAM_RdData[6] in module wr_chnl is either unconnected or has no load
WARNING: [Synth 8-7129] Port BRAM_RdData[5] in module wr_chnl is either unconnected or has no load
WARNING: [Synth 8-7129] Port BRAM_RdData[4] in module wr_chnl is either unconnected or has no load
INFO: [Common 17-14] Message 'Synth 8-7129' appears 100 times and further instances of the messages will be disabled. Use the Tcl command set_msg_config to change the current settings.
---------------------------------------------------------------------------------
Finished RTL Elaboration : Time (s): cpu = 00:00:07 ; elapsed = 00:00:09 . Memory (MB): peak = 2057.648 ; gain = 453.668 ; free physical = 900 ; free virtual = 5690
Synthesis current peak Physical Memory [PSS] (MB): peak = 1201.682; parent = 1066.435; children = 135.247
Synthesis current peak Virtual Memory [VSS] (MB): peak = 3002.297; parent = 2057.652; children = 944.645
---------------------------------------------------------------------------------
---------------------------------------------------------------------------------
Start Handling Custom Attributes
---------------------------------------------------------------------------------
---------------------------------------------------------------------------------
Finished Handling Custom Attributes : Time (s): cpu = 00:00:07 ; elapsed = 00:00:09 . Memory (MB): peak = 2072.492 ; gain = 468.512 ; free physical = 884 ; free virtual = 5673
Synthesis current peak Physical Memory [PSS] (MB): peak = 1201.682; parent = 1066.435; children = 135.247
Synthesis current peak Virtual Memory [VSS] (MB): peak = 3017.141; parent = 2072.496; children = 944.645
---------------------------------------------------------------------------------
---------------------------------------------------------------------------------
Finished RTL Optimization Phase 1 : Time (s): cpu = 00:00:07 ; elapsed = 00:00:09 . Memory (MB): peak = 2072.492 ; gain = 468.512 ; free physical = 906 ; free virtual = 5696
Synthesis current peak Physical Memory [PSS] (MB): peak = 1201.682; parent = 1066.435; children = 135.247
Synthesis current peak Virtual Memory [VSS] (MB): peak = 3017.141; parent = 2072.496; children = 944.645
---------------------------------------------------------------------------------
Netlist sorting complete. Time (s): cpu = 00:00:00.01 ; elapsed = 00:00:00.02 . Memory (MB): peak = 2078.430 ; gain = 0.000 ; free physical = 1022 ; free virtual = 5814
INFO: [Netlist 29-17] Analyzing 9 Unisim elements for replacement
INFO: [Netlist 29-28] Unisim Transformation completed in 0 CPU seconds
INFO: [Project 1-570] Preparing netlist for logic optimization

Processing XDC Constraints
Initializing timing engine
Parsing XDC File [/home/ces-bpti06/Dokumente/Project_aktuell/project_final2.gen/sources_1/bd/design_1/ip/design_1_axi_bram_ctrl_0_1/design_1_axi_bram_ctrl_0_1_ooc.xdc] for cell 'U0'
Finished Parsing XDC File [/home/ces-bpti06/Dokumente/Project_aktuell/project_final2.gen/sources_1/bd/design_1/ip/design_1_axi_bram_ctrl_0_1/design_1_axi_bram_ctrl_0_1_ooc.xdc] for cell 'U0'
Parsing XDC File [/home/ces-bpti06/Dokumente/Project_aktuell/project_final2.runs/design_1_axi_bram_ctrl_0_1_synth_1/dont_touch.xdc]
Finished Parsing XDC File [/home/ces-bpti06/Dokumente/Project_aktuell/project_final2.runs/design_1_axi_bram_ctrl_0_1_synth_1/dont_touch.xdc]
Completed Processing XDC Constraints

Netlist sorting complete. Time (s): cpu = 00:00:00 ; elapsed = 00:00:00 . Memory (MB): peak = 2230.242 ; gain = 0.000 ; free physical = 636 ; free virtual = 5438
INFO: [Project 1-111] Unisim Transformation Summary:
  A total of 5 instances were transformed.
  FDR => FDRE: 1 instance 
  MUXCY_L => MUXCY: 4 instances

Constraint Validation Runtime : Time (s): cpu = 00:00:00.02 ; elapsed = 00:00:00.07 . Memory (MB): peak = 2230.242 ; gain = 0.000 ; free physical = 620 ; free virtual = 5422
INFO: [Designutils 20-5008] Incremental synthesis strategy off
INFO: [Synth 8-11241] undeclared symbol 'REGCCE', assumed default net type 'wire' [/Software/xilinx/Vivado/2022.2/data/verilog/src/unimacro/BRAM_SINGLE_MACRO.v:2170]
---------------------------------------------------------------------------------
Finished Constraint Validation : Time (s): cpu = 00:00:13 ; elapsed = 00:00:16 . Memory (MB): peak = 2230.242 ; gain = 626.262 ; free physical = 1079 ; free virtual = 5866
Synthesis current peak Physical Memory [PSS] (MB): peak = 1201.682; parent = 1066.435; children = 135.247
Synthesis current peak Virtual Memory [VSS] (MB): peak = 3142.875; parent = 2198.230; children = 944.645
---------------------------------------------------------------------------------
---------------------------------------------------------------------------------
Start Loading Part and Timing Information
---------------------------------------------------------------------------------
Loading part: xc7z007sclg400-1
---------------------------------------------------------------------------------
Finished Loading Part and Timing Information : Time (s): cpu = 00:00:13 ; elapsed = 00:00:16 . Memory (MB): peak = 2230.242 ; gain = 626.262 ; free physical = 1104 ; free virtual = 5893
Synthesis current peak Physical Memory [PSS] (MB): peak = 1201.682; parent = 1066.435; children = 135.247
Synthesis current peak Virtual Memory [VSS] (MB): peak = 3142.875; parent = 2198.230; children = 944.645
---------------------------------------------------------------------------------
---------------------------------------------------------------------------------
Start Applying 'set_property' XDC Constraints
---------------------------------------------------------------------------------
Applied set_property KEEP_HIERARCHY = SOFT for U0. (constraint file  /home/ces-bpti06/Dokumente/Project_aktuell/project_final2.runs/design_1_axi_bram_ctrl_0_1_synth_1/dont_touch.xdc, line 9).
---------------------------------------------------------------------------------
Finished applying 'set_property' XDC Constraints : Time (s): cpu = 00:00:13 ; elapsed = 00:00:16 . Memory (MB): peak = 2230.242 ; gain = 626.262 ; free physical = 1105 ; free virtual = 5892
Synthesis current peak Physical Memory [PSS] (MB): peak = 1201.682; parent = 1066.435; children = 135.247
Synthesis current peak Virtual Memory [VSS] (MB): peak = 3142.875; parent = 2198.230; children = 944.645
---------------------------------------------------------------------------------
INFO: [Synth 8-802] inferred FSM for state register 'arb_sm_cs_reg' in module 'sng_port_arb'
INFO: [Synth 8-802] inferred FSM for state register 'GEN_WDATA_SM_NO_ECC_SNG_REG_WREADY.wr_data_sng_sm_cs_reg' in module 'wr_chnl'
INFO: [Synth 8-802] inferred FSM for state register 'GEN_NO_RD_CMD_OPT.rd_data_sm_cs_reg' in module 'rd_chnl'
INFO: [Synth 8-802] inferred FSM for state register 'GEN_NO_RD_CMD_OPT.rlast_sm_cs_reg' in module 'rd_chnl'
---------------------------------------------------------------------------------------------------
                   State |                     New Encoding |                Previous Encoding 
---------------------------------------------------------------------------------------------------
                    idle |                               00 |                               00
                 wr_data |                               01 |                               10
                 rd_data |                               10 |                               01
---------------------------------------------------------------------------------------------------
INFO: [Synth 8-3354] encoded FSM with state register 'arb_sm_cs_reg' using encoding 'sequential' in module 'sng_port_arb'
---------------------------------------------------------------------------------------------------
                   State |                     New Encoding |                Previous Encoding 
---------------------------------------------------------------------------------------------------
                    idle |                              001 |                               00
            brst_wr_data |                              010 |                               10
             sng_wr_data |                              100 |                               01
---------------------------------------------------------------------------------------------------
INFO: [Synth 8-3354] encoded FSM with state register 'GEN_WDATA_SM_NO_ECC_SNG_REG_WREADY.wr_data_sng_sm_cs_reg' using encoding 'one-hot' in module 'wr_chnl'
---------------------------------------------------------------------------------------------------
                   State |                     New Encoding |                Previous Encoding 
---------------------------------------------------------------------------------------------------
                    idle |                             0000 |                             0000
                sng_addr |                             0001 |                             0011
                sec_addr |                             0010 |                             0100
               full_pipe |                             0011 |                             0101
           full_throttle |                             0100 |                             0110
               last_addr |                             0101 |                             0111
           last_throttle |                             0110 |                             1000
               last_data |                             0111 |                             1001
       last_data_ar_pend |                             1000 |                             1010
---------------------------------------------------------------------------------------------------
INFO: [Synth 8-3354] encoded FSM with state register 'GEN_NO_RD_CMD_OPT.rd_data_sm_cs_reg' using encoding 'sequential' in module 'rd_chnl'
---------------------------------------------------------------------------------------------------
                   State |                     New Encoding |                Previous Encoding 
---------------------------------------------------------------------------------------------------
                    idle |                              000 |                              000
          w8_throttle_b2 |                              001 |                              101
             w8_throttle |                              010 |                              010
        w8_2nd_last_data |                              011 |                              011
            w8_last_data |                              100 |                              100
---------------------------------------------------------------------------------------------------
INFO: [Synth 8-3354] encoded FSM with state register 'GEN_NO_RD_CMD_OPT.rlast_sm_cs_reg' using encoding 'sequential' in module 'rd_chnl'
---------------------------------------------------------------------------------
Finished RTL Optimization Phase 2 : Time (s): cpu = 00:00:13 ; elapsed = 00:00:17 . Memory (MB): peak = 2230.242 ; gain = 626.262 ; free physical = 1059 ; free virtual = 5854
Synthesis current peak Physical Memory [PSS] (MB): peak = 1201.682; parent = 1066.435; children = 135.247
Synthesis current peak Virtual Memory [VSS] (MB): peak = 3142.875; parent = 2198.230; children = 944.645
---------------------------------------------------------------------------------
---------------------------------------------------------------------------------
Start RTL Component Statistics 
---------------------------------------------------------------------------------
Detailed RTL Component Info : 
+---Adders : 
	   2 Input   10 Bit       Adders := 1     
	   2 Input    8 Bit       Adders := 1     
	   2 Input    3 Bit       Adders := 1     
+---XORs : 
	   2 Input      1 Bit         XORs := 4     
+---Registers : 
	               32 Bit    Registers := 1     
	               15 Bit    Registers := 1     
	               14 Bit    Registers := 2     
	               12 Bit    Registers := 3     
	                8 Bit    Registers := 1     
	                4 Bit    Registers := 1     
	                3 Bit    Registers := 3     
	                2 Bit    Registers := 2     
	                1 Bit    Registers := 103   
+---Muxes : 
	   2 Input   32 Bit        Muxes := 1     
	   5 Input   15 Bit        Muxes := 2     
	   2 Input   15 Bit        Muxes := 5     
	   2 Input   12 Bit        Muxes := 2     
	   2 Input    8 Bit        Muxes := 2     
	   9 Input    4 Bit        Muxes := 1     
	   2 Input    4 Bit        Muxes := 10    
	   8 Input    3 Bit        Muxes := 2     
	   3 Input    3 Bit        Muxes := 1     
	   2 Input    3 Bit        Muxes := 4     
	   5 Input    3 Bit        Muxes := 1     
	   3 Input    2 Bit        Muxes := 3     
	   2 Input    2 Bit        Muxes := 5     
	   4 Input    2 Bit        Muxes := 2     
	   2 Input    1 Bit        Muxes := 50    
	   3 Input    1 Bit        Muxes := 16    
	   9 Input    1 Bit        Muxes := 19    
	   5 Input    1 Bit        Muxes := 2     
---------------------------------------------------------------------------------
Finished RTL Component Statistics 
---------------------------------------------------------------------------------
---------------------------------------------------------------------------------
Start Part Resource Summary
---------------------------------------------------------------------------------
Part Resources:
DSPs: 66 (col length:40)
BRAMs: 100 (col length: RAMB18 40 RAMB36 20)
---------------------------------------------------------------------------------
Finished Part Resource Summary
---------------------------------------------------------------------------------
---------------------------------------------------------------------------------
Start Cross Boundary and Area Optimization
---------------------------------------------------------------------------------
WARNING: [Synth 8-7080] Parallel synthesis criteria is not met
---------------------------------------------------------------------------------
Finished Cross Boundary and Area Optimization : Time (s): cpu = 00:00:15 ; elapsed = 00:00:19 . Memory (MB): peak = 2230.242 ; gain = 626.262 ; free physical = 1285 ; free virtual = 6099
Synthesis current peak Physical Memory [PSS] (MB): peak = 1201.682; parent = 1066.435; children = 135.247
Synthesis current peak Virtual Memory [VSS] (MB): peak = 3142.875; parent = 2198.230; children = 944.645
---------------------------------------------------------------------------------
---------------------------------------------------------------------------------
Start Applying XDC Timing Constraints
---------------------------------------------------------------------------------
---------------------------------------------------------------------------------
Finished Applying XDC Timing Constraints : Time (s): cpu = 00:00:19 ; elapsed = 00:00:23 . Memory (MB): peak = 2230.242 ; gain = 626.262 ; free physical = 651 ; free virtual = 5471
Synthesis current peak Physical Memory [PSS] (MB): peak = 1285.545; parent = 1150.458; children = 135.247
Synthesis current peak Virtual Memory [VSS] (MB): peak = 3142.875; parent = 2198.230; children = 944.645
---------------------------------------------------------------------------------
---------------------------------------------------------------------------------
Start Timing Optimization
---------------------------------------------------------------------------------
---------------------------------------------------------------------------------
Finished Timing Optimization : Time (s): cpu = 00:00:20 ; elapsed = 00:00:24 . Memory (MB): peak = 2230.242 ; gain = 626.262 ; free physical = 608 ; free virtual = 5428
Synthesis current peak Physical Memory [PSS] (MB): peak = 1300.526; parent = 1165.439; children = 135.247
Synthesis current peak Virtual Memory [VSS] (MB): peak = 3142.875; parent = 2198.230; children = 944.645
---------------------------------------------------------------------------------
---------------------------------------------------------------------------------
Start Technology Mapping
---------------------------------------------------------------------------------
---------------------------------------------------------------------------------
Finished Technology Mapping : Time (s): cpu = 00:00:21 ; elapsed = 00:00:24 . Memory (MB): peak = 2230.242 ; gain = 626.262 ; free physical = 564 ; free virtual = 5384
Synthesis current peak Physical Memory [PSS] (MB): peak = 1300.526; parent = 1165.439; children = 135.247
Synthesis current peak Virtual Memory [VSS] (MB): peak = 3142.875; parent = 2198.230; children = 944.645
---------------------------------------------------------------------------------
---------------------------------------------------------------------------------
Start IO Insertion
---------------------------------------------------------------------------------
---------------------------------------------------------------------------------
Start Flattening Before IO Insertion
---------------------------------------------------------------------------------
---------------------------------------------------------------------------------
Finished Flattening Before IO Insertion
---------------------------------------------------------------------------------
---------------------------------------------------------------------------------
Start Final Netlist Cleanup
---------------------------------------------------------------------------------
---------------------------------------------------------------------------------
Finished Final Netlist Cleanup
---------------------------------------------------------------------------------
---------------------------------------------------------------------------------
Finished IO Insertion : Time (s): cpu = 00:00:24 ; elapsed = 00:00:28 . Memory (MB): peak = 2230.242 ; gain = 626.262 ; free physical = 1429 ; free virtual = 6263
Synthesis current peak Physical Memory [PSS] (MB): peak = 1313.942; parent = 1171.305; children = 142.638
Synthesis current peak Virtual Memory [VSS] (MB): peak = 3142.875; parent = 2198.230; children = 944.645
---------------------------------------------------------------------------------
---------------------------------------------------------------------------------
Start Renaming Generated Instances
---------------------------------------------------------------------------------
---------------------------------------------------------------------------------
Finished Renaming Generated Instances : Time (s): cpu = 00:00:24 ; elapsed = 00:00:28 . Memory (MB): peak = 2230.242 ; gain = 626.262 ; free physical = 1429 ; free virtual = 6263
Synthesis current peak Physical Memory [PSS] (MB): peak = 1313.946; parent = 1171.311; children = 142.638
Synthesis current peak Virtual Memory [VSS] (MB): peak = 3142.875; parent = 2198.230; children = 944.645
---------------------------------------------------------------------------------
---------------------------------------------------------------------------------
Start Rebuilding User Hierarchy
---------------------------------------------------------------------------------
---------------------------------------------------------------------------------
Finished Rebuilding User Hierarchy : Time (s): cpu = 00:00:24 ; elapsed = 00:00:28 . Memory (MB): peak = 2230.242 ; gain = 626.262 ; free physical = 1425 ; free virtual = 6258
Synthesis current peak Physical Memory [PSS] (MB): peak = 1313.946; parent = 1171.311; children = 142.638
Synthesis current peak Virtual Memory [VSS] (MB): peak = 3142.875; parent = 2198.230; children = 944.645
---------------------------------------------------------------------------------
---------------------------------------------------------------------------------
Start Renaming Generated Ports
---------------------------------------------------------------------------------
---------------------------------------------------------------------------------
Finished Renaming Generated Ports : Time (s): cpu = 00:00:24 ; elapsed = 00:00:28 . Memory (MB): peak = 2230.242 ; gain = 626.262 ; free physical = 1421 ; free virtual = 6255
Synthesis current peak Physical Memory [PSS] (MB): peak = 1313.946; parent = 1171.311; children = 142.638
Synthesis current peak Virtual Memory [VSS] (MB): peak = 3142.875; parent = 2198.230; children = 944.645
---------------------------------------------------------------------------------
---------------------------------------------------------------------------------
Start Handling Custom Attributes
---------------------------------------------------------------------------------
---------------------------------------------------------------------------------
Finished Handling Custom Attributes : Time (s): cpu = 00:00:24 ; elapsed = 00:00:28 . Memory (MB): peak = 2230.242 ; gain = 626.262 ; free physical = 1471 ; free virtual = 6305
Synthesis current peak Physical Memory [PSS] (MB): peak = 1313.946; parent = 1171.311; children = 142.638
Synthesis current peak Virtual Memory [VSS] (MB): peak = 3142.875; parent = 2198.230; children = 944.645
---------------------------------------------------------------------------------
---------------------------------------------------------------------------------
Start Renaming Generated Nets
---------------------------------------------------------------------------------
---------------------------------------------------------------------------------
Finished Renaming Generated Nets : Time (s): cpu = 00:00:24 ; elapsed = 00:00:29 . Memory (MB): peak = 2230.242 ; gain = 626.262 ; free physical = 1479 ; free virtual = 6309
Synthesis current peak Physical Memory [PSS] (MB): peak = 1313.946; parent = 1171.311; children = 142.638
Synthesis current peak Virtual Memory [VSS] (MB): peak = 3142.875; parent = 2198.230; children = 944.645
---------------------------------------------------------------------------------
---------------------------------------------------------------------------------
Start Writing Synthesis Report
---------------------------------------------------------------------------------

Report BlackBoxes: 
+-+--------------+----------+
| |BlackBox name |Instances |
+-+--------------+----------+
+-+--------------+----------+

Report Cell Usage: 
+------+--------+------+
|      |Cell    |Count |
+------+--------+------+
|1     |LUT1    |     1|
|2     |LUT2    |    23|
|3     |LUT3    |    74|
|4     |LUT4    |    40|
|5     |LUT5    |    36|
|6     |LUT6    |   109|
|7     |MUXCY_L |     3|
|8     |SRL16E  |    12|
|9     |XORCY   |     4|
|10    |FDR     |     1|
|11    |FDRE    |   249|
|12    |FDSE    |     1|
+------+--------+------+
---------------------------------------------------------------------------------
Finished Writing Synthesis Report : Time (s): cpu = 00:00:24 ; elapsed = 00:00:29 . Memory (MB): peak = 2230.242 ; gain = 626.262 ; free physical = 1485 ; free virtual = 6314
Synthesis current peak Physical Memory [PSS] (MB): peak = 1313.946; parent = 1171.311; children = 142.638
Synthesis current peak Virtual Memory [VSS] (MB): peak = 3142.875; parent = 2198.230; children = 944.645
---------------------------------------------------------------------------------
Synthesis finished with 0 errors, 0 critical warnings and 164 warnings.
Synthesis Optimization Runtime : Time (s): cpu = 00:00:23 ; elapsed = 00:00:27 . Memory (MB): peak = 2230.242 ; gain = 468.512 ; free physical = 1548 ; free virtual = 6377
Synthesis Optimization Complete : Time (s): cpu = 00:00:25 ; elapsed = 00:00:29 . Memory (MB): peak = 2230.242 ; gain = 626.262 ; free physical = 1543 ; free virtual = 6373
INFO: [Project 1-571] Translating synthesized netlist
Netlist sorting complete. Time (s): cpu = 00:00:00.01 ; elapsed = 00:00:00.01 . Memory (MB): peak = 2230.242 ; gain = 0.000 ; free physical = 1684 ; free virtual = 6514
INFO: [Netlist 29-17] Analyzing 8 Unisim elements for replacement
INFO: [Netlist 29-28] Unisim Transformation completed in 0 CPU seconds
INFO: [Project 1-570] Preparing netlist for logic optimization
INFO: [Opt 31-138] Pushed 0 inverter(s) to 0 load pin(s).
Netlist sorting complete. Time (s): cpu = 00:00:00 ; elapsed = 00:00:00 . Memory (MB): peak = 2230.242 ; gain = 0.000 ; free physical = 1613 ; free virtual = 6443
INFO: [Project 1-111] Unisim Transformation Summary:
  A total of 2 instances were transformed.
  (MUXCY,XORCY) => CARRY4: 1 instance 
  FDR => FDRE: 1 instance 

Synth Design complete, checksum: a53e43a1
INFO: [Common 17-83] Releasing license: Synthesis
88 Infos, 109 Warnings, 0 Critical Warnings and 0 Errors encountered.
synth_design completed successfully
synth_design: Time (s): cpu = 00:00:32 ; elapsed = 00:00:35 . Memory (MB): peak = 2230.242 ; gain = 934.867 ; free physical = 1810 ; free virtual = 6635
INFO: [Common 17-1381] The checkpoint '/home/ces-bpti06/Dokumente/Project_aktuell/project_final2.runs/design_1_axi_bram_ctrl_0_1_synth_1/design_1_axi_bram_ctrl_0_1.dcp' has been generated.
INFO: [Coretcl 2-1648] Added synthesis output to IP cache for IP design_1_axi_bram_ctrl_0_1, cache-ID = 970bf2180db9db57
INFO: [Coretcl 2-1174] Renamed 9 cell refs.
INFO: [Common 17-1381] The checkpoint '/home/ces-bpti06/Dokumente/Project_aktuell/project_final2.runs/design_1_axi_bram_ctrl_0_1_synth_1/design_1_axi_bram_ctrl_0_1.dcp' has been generated.
INFO: [runtcl-4] Executing : report_utilization -file design_1_axi_bram_ctrl_0_1_utilization_synth.rpt -pb design_1_axi_bram_ctrl_0_1_utilization_synth.pb
INFO: [Common 17-206] Exiting Vivado at Wed Mar  5 09:46:33 2025...
